<?xml version="1.0" encoding="UTF-8"?>
<coverage generated="1768046144292" clover="3.2.0">
  <project timestamp="1768046144292" name="All files">
    <metrics statements="20" coveredstatements="20" conditionals="13" coveredconditionals="13" methods="1" coveredmethods="1" elements="34" coveredelements="34" complexity="0" loc="20" ncloc="20" packages="1" files="1" classes="1"/>
    <file name="Expenses.js" path="/Users/mostafa/Programming/Courses/Refactoring/expensereport/expensereport-javascript/Expenses.js">
      <metrics statements="20" coveredstatements="20" conditionals="13" coveredconditionals="13" methods="1" coveredmethods="1"/>
      <line num="1" count="1" type="stmt"/>
      <line num="8" count="1" type="stmt"/>
      <line num="9" count="1" type="stmt"/>
      <line num="11" count="1" type="stmt"/>
      <line num="13" count="1" type="stmt"/>
      <line num="14" count="5" type="cond" truecount="4" falsecount="0"/>
      <line num="15" count="4" type="stmt"/>
      <line num="19" count="5" type="cond" truecount="3" falsecount="0"/>
      <line num="21" count="2" type="stmt"/>
      <line num="22" count="2" type="stmt"/>
      <line num="24" count="2" type="stmt"/>
      <line num="25" count="2" type="stmt"/>
      <line num="27" count="1" type="stmt"/>
      <line num="28" count="1" type="stmt"/>
      <line num="31" count="5" type="cond" truecount="6" falsecount="0"/>
      <line num="33" count="5" type="stmt"/>
      <line num="34" count="5" type="stmt"/>
      <line num="37" count="1" type="stmt"/>
      <line num="38" count="1" type="stmt"/>
      <line num="41" count="1" type="stmt"/>
    </file>
  </project>
</coverage>
