{"/Users/mostafa/Programming/Courses/Refactoring/expensereport/expensereport-javascript/Expenses.js": {"path":"/Users/mostafa/Programming/Courses/Refactoring/expensereport/expensereport-javascript/Expenses.js","statementMap":{"0":{"start":{"line":1,"column":13},"end":{"line":5,"column":1}},"1":{"start":{"line":8,"column":16},"end":{"line":8,"column":17}},"2":{"start":{"line":9,"column":23},"end":{"line":9,"column":24}},"3":{"start":{"line":11,"column":4},"end":{"line":11,"column":85}},"4":{"start":{"line":13,"column":4},"end":{"line":35,"column":5}},"5":{"start":{"line":14,"column":8},"end":{"line":16,"column":9}},"6":{"start":{"line":15,"column":12},"end":{"line":15,"column":43}},"7":{"start":{"line":19,"column":8},"end":{"line":29,"column":9}},"8":{"start":{"line":21,"column":12},"end":{"line":21,"column":35}},"9":{"start":{"line":22,"column":12},"end":{"line":22,"column":18}},"10":{"start":{"line":24,"column":12},"end":{"line":24,"column":38}},"11":{"start":{"line":25,"column":12},"end":{"line":25,"column":18}},"12":{"start":{"line":27,"column":12},"end":{"line":27,"column":39}},"13":{"start":{"line":28,"column":12},"end":{"line":28,"column":18}},"14":{"start":{"line":31,"column":39},"end":{"line":31,"column":168}},"15":{"start":{"line":33,"column":8},"end":{"line":33,"column":98}},"16":{"start":{"line":34,"column":8},"end":{"line":34,"column":32}},"17":{"start":{"line":37,"column":4},"end":{"line":37,"column":59}},"18":{"start":{"line":38,"column":4},"end":{"line":38,"column":53}},"19":{"start":{"line":41,"column":0},"end":{"line":44,"column":2}}},"fnMap":{"0":{"name":"printReport","decl":{"start":{"line":7,"column":9},"end":{"line":7,"column":20}},"loc":{"start":{"line":7,"column":31},"end":{"line":39,"column":1}},"line":7}},"branchMap":{"0":{"loc":{"start":{"line":14,"column":8},"end":{"line":16,"column":9}},"type":"if","locations":[{"start":{"line":14,"column":8},"end":{"line":16,"column":9}},{"start":{},"end":{}}],"line":14},"1":{"loc":{"start":{"line":14,"column":12},"end":{"line":14,"column":73}},"type":"binary-expr","locations":[{"start":{"line":14,"column":12},"end":{"line":14,"column":39}},{"start":{"line":14,"column":43},"end":{"line":14,"column":73}}],"line":14},"2":{"loc":{"start":{"line":19,"column":8},"end":{"line":29,"column":9}},"type":"switch","locations":[{"start":{"line":20,"column":8},"end":{"line":22,"column":18}},{"start":{"line":23,"column":8},"end":{"line":25,"column":18}},{"start":{"line":26,"column":8},"end":{"line":28,"column":18}}],"line":19},"3":{"loc":{"start":{"line":31,"column":39},"end":{"line":31,"column":168}},"type":"cond-expr","locations":[{"start":{"line":31,"column":159},"end":{"line":31,"column":162}},{"start":{"line":31,"column":165},"end":{"line":31,"column":168}}],"line":31},"4":{"loc":{"start":{"line":31,"column":40},"end":{"line":31,"column":155}},"type":"binary-expr","locations":[{"start":{"line":31,"column":41},"end":{"line":31,"column":68}},{"start":{"line":31,"column":72},"end":{"line":31,"column":93}},{"start":{"line":31,"column":99},"end":{"line":31,"column":129}},{"start":{"line":31,"column":133},"end":{"line":31,"column":154}}],"line":31}},"s":{"0":1,"1":1,"2":1,"3":1,"4":1,"5":5,"6":4,"7":5,"8":2,"9":2,"10":2,"11":2,"12":1,"13":1,"14":5,"15":5,"16":5,"17":1,"18":1,"19":1},"f":{"0":1},"b":{"0":[4,1],"1":[5,3],"2":[2,2,1],"3":[2,3],"4":[5,2,4,2]},"_coverageSchema":"1a1c01bbd47fc00a2c39e90264f33305004495a9","hash":"7ce5a9e9eb233c2ce7c16f0057331ffb81442a2e"}
}
